<?xml version="1.0" encoding="utf-8"?>
<parameters>
  <parameter name="IIS Web Application Name" description="" value="test-webapp20231016131558" tags="IisApp">
    <parameterEntry kind="ProviderPath" scope="IisApp" match="^C:\\test-webapp\\obj\\Release\\net6\.0\\PubTmp\\Out\\$" />
  </parameter>
</parameters>