<?xml version="1.0" encoding="utf-8"?>
<sitemanifest>
  <IisApp path="C:\test-webapp\obj\Release\net6.0\PubTmp\Out\" />
</sitemanifest>